INFO 2022-01-27 11:55:06,359 autoreload 10332 8528 Watching for file changes with StatReloader
INFO 2022-01-27 11:57:00,655 autoreload 10332 8528 C:\projects\SRS_1\scholar\views.py changed, reloading.
INFO 2022-01-27 11:57:02,155 autoreload 9288 6448 Watching for file changes with StatReloader
INFO 2022-01-27 11:57:24,373 autoreload 9288 6448 C:\projects\SRS_1\scholar\views.py changed, reloading.
INFO 2022-01-27 11:57:25,889 autoreload 10228 11232 Watching for file changes with StatReloader
INFO 2022-01-27 11:58:57,473 basehttp 10228 6076 "GET /admin/scholar/proposal/4/change/ HTTP/1.1" 200 14543
INFO 2022-01-27 11:58:57,524 basehttp 10228 8340 "GET /admin/jsi18n/ HTTP/1.1" 200 3343
INFO 2022-01-27 11:58:57,637 basehttp 10228 9368 "GET /static/admin/css/nav_sidebar.css HTTP/1.1" 200 2616
INFO 2022-01-27 11:58:57,648 basehttp 10228 9368 "GET /static/admin/js/jquery.init.js HTTP/1.1" 200 347
INFO 2022-01-27 11:58:57,655 basehttp 10228 9368 "GET /static/admin/js/admin/DateTimeShortcuts.js HTTP/1.1" 200 19634
INFO 2022-01-27 11:58:57,659 basehttp 10228 9368 "GET /static/admin/js/core.js HTTP/1.1" 200 5698
INFO 2022-01-27 11:58:57,700 basehttp 10228 9368 "GET /static/admin/js/admin/RelatedObjectLookups.js HTTP/1.1" 200 5984
INFO 2022-01-27 11:58:57,712 basehttp 10228 6076 "GET /static/admin/css/base.css HTTP/1.1" 200 19513
INFO 2022-01-27 11:58:57,716 basehttp 10228 9368 "GET /static/admin/js/actions.js HTTP/1.1" 200 7872
INFO 2022-01-27 11:58:57,717 basehttp 10228 8340 "GET /static/admin/css/responsive.css HTTP/1.1" 200 18545
INFO 2022-01-27 11:58:57,721 basehttp 10228 5728 "GET /static/admin/css/forms.css HTTP/1.1" 200 8835
INFO 2022-01-27 11:58:57,727 basehttp 10228 6076 "GET /static/admin/js/urlify.js HTTP/1.1" 200 7902
INFO 2022-01-27 11:58:57,730 basehttp 10228 9368 "GET /static/admin/js/prepopulate.js HTTP/1.1" 200 1531
INFO 2022-01-27 11:58:57,747 basehttp 10228 5728 "GET /static/admin/css/fonts.css HTTP/1.1" 200 423
INFO 2022-01-27 11:58:57,754 basehttp 10228 10568 "GET /static/admin/js/calendar.js HTTP/1.1" 200 8466
INFO 2022-01-27 11:58:57,759 basehttp 10228 8340 "GET /static/admin/js/vendor/xregexp/xregexp.js HTTP/1.1" 200 232381
INFO 2022-01-27 11:58:57,767 basehttp 10228 10648 "GET /static/admin/js/vendor/jquery/jquery.js HTTP/1.1" 200 288580
INFO 2022-01-27 11:58:57,769 basehttp 10228 6076 "GET /static/admin/css/widgets.css HTTP/1.1" 200 11097
INFO 2022-01-27 11:58:57,819 basehttp 10228 10648 "GET /static/admin/js/nav_sidebar.js HTTP/1.1" 200 3401
INFO 2022-01-27 11:58:57,819 basehttp 10228 6076 "GET /static/admin/js/prepopulate_init.js HTTP/1.1" 200 492
INFO 2022-01-27 11:58:57,837 basehttp 10228 10648 "GET /static/admin/img/icon-changelink.svg HTTP/1.1" 200 380
INFO 2022-01-27 11:58:57,837 basehttp 10228 6076 "GET /static/admin/img/icon-addlink.svg HTTP/1.1" 200 331
INFO 2022-01-27 11:58:57,837 basehttp 10228 8340 "GET /static/admin/js/change_form.js HTTP/1.1" 200 606
INFO 2022-01-27 11:58:57,928 basehttp 10228 10568 "GET /static/admin/fonts/Roboto-Regular-webfont.woff HTTP/1.1" 200 85876
INFO 2022-01-27 11:58:57,942 basehttp 10228 10648 "GET /static/admin/fonts/Roboto-Light-webfont.woff HTTP/1.1" 200 85692
INFO 2022-01-27 11:58:57,942 basehttp 10228 8340 "GET /static/admin/fonts/Roboto-Bold-webfont.woff HTTP/1.1" 200 86184
INFO 2022-01-27 11:58:57,982 basehttp 10228 8340 "GET /static/admin/img/icon-calendar.svg HTTP/1.1" 200 1086
WARNING 2022-01-27 11:58:58,022 log 10228 8340 Not Found: /favicon.ico
WARNING 2022-01-27 11:58:58,022 basehttp 10228 8340 "GET /favicon.ico HTTP/1.1" 404 4527
INFO 2022-01-27 11:59:00,887 basehttp 10228 8340 "GET /admin/scholar/proposal/4/change/ HTTP/1.1" 200 14543
INFO 2022-01-27 11:59:00,922 basehttp 10228 10648 "GET /static/admin/css/nav_sidebar.css HTTP/1.1" 200 2616
INFO 2022-01-27 11:59:00,927 basehttp 10228 9368 "GET /static/admin/js/calendar.js HTTP/1.1" 200 8466
INFO 2022-01-27 11:59:00,927 basehttp 10228 10568 "GET /static/admin/css/forms.css HTTP/1.1" 200 8835
INFO 2022-01-27 11:59:00,928 basehttp 10228 8340 "GET /static/admin/css/base.css HTTP/1.1" 200 19513
INFO 2022-01-27 11:59:00,931 basehttp 10228 6076 "GET /admin/jsi18n/ HTTP/1.1" 200 3343
INFO 2022-01-27 11:59:00,934 basehttp 10228 10648 "GET /static/admin/css/responsive.css HTTP/1.1" 200 18545
INFO 2022-01-27 11:59:00,936 basehttp 10228 10568 "GET /static/admin/js/jquery.init.js HTTP/1.1" 200 347
INFO 2022-01-27 11:59:00,936 basehttp 10228 8340 "GET /static/admin/js/admin/DateTimeShortcuts.js HTTP/1.1" 200 19634
INFO 2022-01-27 11:59:00,940 basehttp 10228 9368 "GET /static/admin/js/core.js HTTP/1.1" 200 5698
INFO 2022-01-27 11:59:00,947 basehttp 10228 6076 "GET /static/admin/css/widgets.css HTTP/1.1" 200 11097
INFO 2022-01-27 11:59:00,949 basehttp 10228 10648 "GET /static/admin/css/fonts.css HTTP/1.1" 200 423
INFO 2022-01-27 11:59:00,949 basehttp 10228 8340 "GET /static/admin/js/admin/RelatedObjectLookups.js HTTP/1.1" 200 5984
INFO 2022-01-27 11:59:00,950 basehttp 10228 5728 "GET /static/admin/js/vendor/jquery/jquery.js HTTP/1.1" 200 288580
INFO 2022-01-27 11:59:00,951 basehttp 10228 10568 "GET /static/admin/js/actions.js HTTP/1.1" 200 7872
INFO 2022-01-27 11:59:00,964 basehttp 10228 9368 "GET /static/admin/js/urlify.js HTTP/1.1" 200 7902
INFO 2022-01-27 11:59:00,971 basehttp 10228 6076 "GET /static/admin/js/prepopulate.js HTTP/1.1" 200 1531
INFO 2022-01-27 11:59:00,987 basehttp 10228 5728 "GET /static/admin/js/vendor/xregexp/xregexp.js HTTP/1.1" 200 232381
INFO 2022-01-27 11:59:01,012 basehttp 10228 6076 "GET /static/admin/js/nav_sidebar.js HTTP/1.1" 200 3401
INFO 2022-01-27 11:59:01,012 basehttp 10228 5728 "GET /static/admin/js/prepopulate_init.js HTTP/1.1" 200 492
INFO 2022-01-27 11:59:01,014 basehttp 10228 9368 "GET /static/admin/img/icon-changelink.svg HTTP/1.1" 200 380
INFO 2022-01-27 11:59:01,014 basehttp 10228 10568 "GET /static/admin/img/icon-addlink.svg HTTP/1.1" 200 331
INFO 2022-01-27 11:59:01,015 basehttp 10228 10648 "GET /static/admin/js/change_form.js HTTP/1.1" 200 606
INFO 2022-01-27 11:59:01,030 basehttp 10228 8340 "GET /static/admin/fonts/Roboto-Regular-webfont.woff HTTP/1.1" 200 85876
INFO 2022-01-27 11:59:01,041 basehttp 10228 6076 "GET /static/admin/fonts/Roboto-Light-webfont.woff HTTP/1.1" 200 85692
INFO 2022-01-27 11:59:01,042 basehttp 10228 5728 "GET /static/admin/fonts/Roboto-Bold-webfont.woff HTTP/1.1" 200 86184
INFO 2022-01-27 11:59:01,167 basehttp 10228 5728 "GET /static/admin/img/icon-calendar.svg HTTP/1.1" 200 1086
WARNING 2022-01-27 11:59:01,173 log 10228 6076 Not Found: /favicon.ico
WARNING 2022-01-27 11:59:01,174 basehttp 10228 6076 "GET /favicon.ico HTTP/1.1" 404 4527
INFO 2022-01-27 11:59:06,668 basehttp 10228 6076 "GET /admin/scholar/proposal/4/change/ HTTP/1.1" 200 14543
INFO 2022-01-27 11:59:06,706 basehttp 10228 5728 "GET /static/admin/css/nav_sidebar.css HTTP/1.1" 200 2616
INFO 2022-01-27 11:59:06,707 basehttp 10228 6076 "GET /static/admin/css/base.css HTTP/1.1" 200 19513
INFO 2022-01-27 11:59:06,708 basehttp 10228 9368 "GET /static/admin/js/calendar.js HTTP/1.1" 200 8466
INFO 2022-01-27 11:59:06,710 basehttp 10228 8340 "GET /static/admin/css/forms.css HTTP/1.1" 200 8835
INFO 2022-01-27 11:59:06,714 basehttp 10228 10648 "GET /admin/jsi18n/ HTTP/1.1" 200 3343
INFO 2022-01-27 11:59:06,715 basehttp 10228 5728 "GET /static/admin/css/responsive.css HTTP/1.1" 200 18545
INFO 2022-01-27 11:59:06,716 basehttp 10228 6076 "GET /static/admin/js/jquery.init.js HTTP/1.1" 200 347
INFO 2022-01-27 11:59:06,723 basehttp 10228 10568 "GET /static/admin/js/vendor/jquery/jquery.js HTTP/1.1" 200 288580
INFO 2022-01-27 11:59:06,724 basehttp 10228 8340 "GET /static/admin/js/admin/DateTimeShortcuts.js HTTP/1.1" 200 19634
INFO 2022-01-27 11:59:06,732 basehttp 10228 9368 "GET /static/admin/css/fonts.css HTTP/1.1" 200 423
INFO 2022-01-27 11:59:06,732 basehttp 10228 6076 "GET /static/admin/js/admin/RelatedObjectLookups.js HTTP/1.1" 200 5984
INFO 2022-01-27 11:59:06,733 basehttp 10228 10648 "GET /static/admin/js/core.js HTTP/1.1" 200 5698
INFO 2022-01-27 11:59:06,733 basehttp 10228 5728 "GET /static/admin/js/actions.js HTTP/1.1" 200 7872
INFO 2022-01-27 11:59:06,737 basehttp 10228 10568 "GET /static/admin/css/widgets.css HTTP/1.1" 200 11097
INFO 2022-01-27 11:59:06,757 basehttp 10228 8340 "GET /static/admin/js/urlify.js HTTP/1.1" 200 7902
INFO 2022-01-27 11:59:06,758 basehttp 10228 9368 "GET /static/admin/js/prepopulate.js HTTP/1.1" 200 1531
INFO 2022-01-27 11:59:06,787 basehttp 10228 5728 "GET /static/admin/js/vendor/xregexp/xregexp.js HTTP/1.1" 200 232381
INFO 2022-01-27 11:59:06,795 basehttp 10228 8340 "GET /static/admin/js/prepopulate_init.js HTTP/1.1" 200 492
INFO 2022-01-27 11:59:06,863 basehttp 10228 10648 "GET /static/admin/img/icon-addlink.svg HTTP/1.1" 200 331
INFO 2022-01-27 11:59:06,863 basehttp 10228 9368 "GET /static/admin/img/icon-changelink.svg HTTP/1.1" 200 380
INFO 2022-01-27 11:59:06,864 basehttp 10228 5728 "GET /static/admin/js/nav_sidebar.js HTTP/1.1" 200 3401
INFO 2022-01-27 11:59:06,864 basehttp 10228 6076 "GET /static/admin/js/change_form.js HTTP/1.1" 200 606
INFO 2022-01-27 11:59:06,867 basehttp 10228 10568 "GET /static/admin/fonts/Roboto-Regular-webfont.woff HTTP/1.1" 200 85876
INFO 2022-01-27 11:59:06,868 basehttp 10228 8340 "GET /static/admin/fonts/Roboto-Light-webfont.woff HTTP/1.1" 200 85692
INFO 2022-01-27 11:59:06,869 basehttp 10228 9368 "GET /static/admin/fonts/Roboto-Bold-webfont.woff HTTP/1.1" 200 86184
INFO 2022-01-27 11:59:06,937 basehttp 10228 9368 "GET /static/admin/img/icon-calendar.svg HTTP/1.1" 200 1086
WARNING 2022-01-27 11:59:06,956 log 10228 9368 Not Found: /favicon.ico
WARNING 2022-01-27 11:59:06,957 basehttp 10228 9368 "GET /favicon.ico HTTP/1.1" 404 4527
INFO 2022-01-27 11:59:08,156 basehttp 10228 9368 "GET /admin/scholar/proposal/4/change/ HTTP/1.1" 200 14543
INFO 2022-01-27 11:59:08,190 basehttp 10228 8340 "GET /static/admin/css/nav_sidebar.css HTTP/1.1" 200 2616
INFO 2022-01-27 11:59:08,193 basehttp 10228 9368 "GET /static/admin/css/base.css HTTP/1.1" 200 19513
INFO 2022-01-27 11:59:08,194 basehttp 10228 10648 "GET /static/admin/js/calendar.js HTTP/1.1" 200 8466
INFO 2022-01-27 11:59:08,197 basehttp 10228 6076 "GET /static/admin/css/forms.css HTTP/1.1" 200 8835
INFO 2022-01-27 11:59:08,201 basehttp 10228 10568 "GET /admin/jsi18n/ HTTP/1.1" 200 3343
INFO 2022-01-27 11:59:08,203 basehttp 10228 8340 "GET /static/admin/css/responsive.css HTTP/1.1" 200 18545
INFO 2022-01-27 11:59:08,204 basehttp 10228 9368 "GET /static/admin/js/jquery.init.js HTTP/1.1" 200 347
INFO 2022-01-27 11:59:08,205 basehttp 10228 6076 "GET /static/admin/js/admin/DateTimeShortcuts.js HTTP/1.1" 200 19634
INFO 2022-01-27 11:59:08,208 basehttp 10228 10648 "GET /static/admin/js/core.js HTTP/1.1" 200 5698
INFO 2022-01-27 11:59:08,215 basehttp 10228 5728 "GET /static/admin/js/vendor/jquery/jquery.js HTTP/1.1" 200 288580
INFO 2022-01-27 11:59:08,222 basehttp 10228 10568 "GET /static/admin/css/fonts.css HTTP/1.1" 200 423
INFO 2022-01-27 11:59:08,222 basehttp 10228 10648 "GET /static/admin/js/actions.js HTTP/1.1" 200 7872
INFO 2022-01-27 11:59:08,223 basehttp 10228 6076 "GET /static/admin/js/admin/RelatedObjectLookups.js HTTP/1.1" 200 5984
INFO 2022-01-27 11:59:08,223 basehttp 10228 8340 "GET /static/admin/js/urlify.js HTTP/1.1" 200 7902
INFO 2022-01-27 11:59:08,223 basehttp 10228 9368 "GET /static/admin/css/widgets.css HTTP/1.1" 200 11097
INFO 2022-01-27 11:59:08,241 basehttp 10228 5728 "GET /static/admin/js/prepopulate.js HTTP/1.1" 200 1531
INFO 2022-01-27 11:59:08,263 basehttp 10228 10568 "GET /static/admin/js/vendor/xregexp/xregexp.js HTTP/1.1" 200 232381
INFO 2022-01-27 11:59:08,338 basehttp 10228 6076 "GET /static/admin/js/change_form.js HTTP/1.1" 200 606
INFO 2022-01-27 11:59:08,339 basehttp 10228 10568 "GET /static/admin/js/prepopulate_init.js HTTP/1.1" 200 492
INFO 2022-01-27 11:59:08,340 basehttp 10228 9368 "GET /static/admin/img/icon-addlink.svg HTTP/1.1" 200 331
INFO 2022-01-27 11:59:08,340 basehttp 10228 5728 "GET /static/admin/js/nav_sidebar.js HTTP/1.1" 200 3401
INFO 2022-01-27 11:59:08,341 basehttp 10228 8340 "GET /static/admin/img/icon-changelink.svg HTTP/1.1" 200 380
INFO 2022-01-27 11:59:08,343 basehttp 10228 10648 "GET /static/admin/fonts/Roboto-Regular-webfont.woff HTTP/1.1" 200 85876
INFO 2022-01-27 11:59:08,346 basehttp 10228 6076 "GET /static/admin/fonts/Roboto-Light-webfont.woff HTTP/1.1" 200 85692
INFO 2022-01-27 11:59:08,346 basehttp 10228 10568 "GET /static/admin/fonts/Roboto-Bold-webfont.woff HTTP/1.1" 200 86184
INFO 2022-01-27 11:59:08,465 basehttp 10228 10568 "GET /static/admin/img/icon-calendar.svg HTTP/1.1" 200 1086
WARNING 2022-01-27 11:59:08,469 log 10228 6076 Not Found: /favicon.ico
WARNING 2022-01-27 11:59:08,469 basehttp 10228 6076 "GET /favicon.ico HTTP/1.1" 404 4527
INFO 2022-01-27 12:02:00,471 basehttp 10228 7820 "GET / HTTP/1.1" 200 1493
INFO 2022-01-27 12:02:00,534 basehttp 10228 7820 "GET /static/css/style.css HTTP/1.1" 200 3838
INFO 2022-01-27 12:02:00,565 basehttp 10228 8392 "GET /static/img/login_img_GITAM.svg HTTP/1.1" 200 11942
INFO 2022-01-27 12:02:00,565 basehttp 10228 6500 "GET /static/img/google_img_GITAM.svg HTTP/1.1" 200 56655
INFO 2022-01-27 12:02:00,565 basehttp 10228 7028 "GET /static/js/bootstrap.min.js HTTP/1.1" 200 59219
INFO 2022-01-27 12:02:00,580 basehttp 10228 11024 "GET /static/img/GITAM-logo.png HTTP/1.1" 200 12606
INFO 2022-01-27 12:02:00,580 basehttp 10228 7820 "GET /static/js/jquery.js HTTP/1.1" 200 89501
INFO 2022-01-27 12:02:00,627 basehttp 10228 3756 "GET /static/css/bootstrap.css HTTP/1.1" 200 205484
INFO 2022-01-27 12:02:07,699 basehttp 10228 7028 "GET /login/google-oauth2/ HTTP/1.1" 302 0
INFO 2022-01-27 12:02:13,802 basehttp 10228 3756 - Broken pipe from ('127.0.0.1', 58519)

INFO 2022-01-27 12:02:13,802 basehttp 10228 8392 - Broken pipe from ('127.0.0.1', 58520)

INFO 2022-01-27 12:02:13,802 basehttp 10228 11024 - Broken pipe from ('127.0.0.1', 58521)

INFO 2022-01-27 12:02:13,802 basehttp 10228 6500 - Broken pipe from ('127.0.0.1', 58522)

INFO 2022-01-27 12:02:13,802 basehttp 10228 7028 - Broken pipe from ('127.0.0.1', 58523)

INFO 2022-01-27 12:02:13,802 basehttp 10228 7820 - Broken pipe from ('127.0.0.1', 58518)

INFO 2022-01-27 12:02:22,328 basehttp 10228 4384 "GET /dashboard HTTP/1.1" 200 9675
INFO 2022-01-27 12:02:22,350 basehttp 10228 4384 "GET /static/css/style.css HTTP/1.1" 200 3838
INFO 2022-01-27 12:02:22,361 basehttp 10228 4384 "GET /static/js/jquery.js HTTP/1.1" 200 89501
INFO 2022-01-27 12:02:22,369 basehttp 10228 4384 "GET /static/img/profile.png HTTP/1.1" 200 31957
INFO 2022-01-27 12:02:22,400 basehttp 10228 10912 "GET /static/css/bootstrap.css HTTP/1.1" 200 205484
INFO 2022-01-27 12:02:22,405 basehttp 10228 5748 "GET /static/font-awesome/css/font-awesome.min.css HTTP/1.1" 200 31000
INFO 2022-01-27 12:02:22,414 basehttp 10228 6204 "GET /static/js/bootstrap.min.js HTTP/1.1" 200 59219
INFO 2022-01-27 12:02:22,430 basehttp 10228 8308 "GET /static/img/GITAM-logo.png HTTP/1.1" 200 12606
INFO 2022-01-27 12:02:22,435 basehttp 10228 1172 "GET /static/img/log_out.png HTTP/1.1" 200 546
INFO 2022-01-27 12:02:25,588 basehttp 10228 1172 "GET /static/font-awesome/fonts/fontawesome-webfont.woff2?v=4.7.0 HTTP/1.1" 200 77160
INFO 2022-01-27 12:02:34,258 basehttp 10228 1172 "GET /dashboard HTTP/1.1" 200 9675
INFO 2022-01-27 12:02:36,670 basehttp 10228 1172 "GET /dashboard HTTP/1.1" 200 9675
INFO 2022-01-27 12:02:51,690 basehttp 10228 6448 "GET / HTTP/1.1" 200 1493
INFO 2022-01-27 12:02:51,717 basehttp 10228 6448 "GET /static/css/style.css HTTP/1.1" 200 3838
INFO 2022-01-27 12:02:51,724 basehttp 10228 6448 "GET /static/css/bootstrap.css HTTP/1.1" 200 205484
INFO 2022-01-27 12:02:51,727 basehttp 10228 6448 "GET /static/js/bootstrap.min.js HTTP/1.1" 200 59219
INFO 2022-01-27 12:02:51,731 basehttp 10228 6448 "GET /static/js/jquery.js HTTP/1.1" 200 89501
INFO 2022-01-27 12:02:51,734 basehttp 10228 6448 "GET /static/img/login_img_GITAM.svg HTTP/1.1" 200 11942
INFO 2022-01-27 12:02:51,737 basehttp 10228 6448 "GET /static/img/GITAM-logo.png HTTP/1.1" 200 12606
INFO 2022-01-27 12:02:51,740 basehttp 10228 6448 "GET /static/img/google_img_GITAM.svg HTTP/1.1" 200 56655
WARNING 2022-01-27 12:02:52,141 log 10228 6448 Not Found: /favicon.ico
WARNING 2022-01-27 12:02:52,142 basehttp 10228 6448 "GET /favicon.ico HTTP/1.1" 404 4527
INFO 2022-01-27 12:02:53,581 basehttp 10228 6448 "GET /login/google-oauth2/ HTTP/1.1" 302 0
INFO 2022-01-27 12:02:56,229 basehttp 10228 6448 "GET /complete/google-oauth2/?state=zs4N8sEOMqwY5j6CH4Hlz9II7pNZ6lJU&code=4/0AX4XfWjm8Ct_iVwgjQ2BaVsAa_n42ZmnDtQWGltt63cI-R1mWIeZHJmb0NbnPllISMDaew&scope=email%20profile%20https://www.googleapis.com/auth/userinfo.email%20https://www.googleapis.com/auth/userinfo.profile%20openid&authuser=0&hd=gitam.edu&prompt=consent HTTP/1.1" 302 0
INFO 2022-01-27 12:02:56,234 basehttp 10228 6448 "GET /dashboard HTTP/1.1" 200 9675
INFO 2022-01-27 12:02:56,300 basehttp 10228 6448 "GET /static/font-awesome/css/font-awesome.min.css HTTP/1.1" 200 31000
INFO 2022-01-27 12:02:56,313 basehttp 10228 6448 "GET /static/img/log_out.png HTTP/1.1" 200 546
INFO 2022-01-27 12:02:56,314 basehttp 10228 1096 "GET /static/img/profile.png HTTP/1.1" 200 31957
INFO 2022-01-27 12:03:13,021 basehttp 10228 1096 "GET / HTTP/1.1" 200 1493
INFO 2022-01-27 12:09:56,859 autoreload 6260 10028 Watching for file changes with StatReloader
INFO 2022-01-27 12:09:59,801 basehttp 6260 4152 "GET / HTTP/1.1" 200 1493
INFO 2022-01-27 12:10:03,489 basehttp 6260 4152 "GET /login/google-oauth2/ HTTP/1.1" 302 0
INFO 2022-01-27 12:11:23,420 autoreload 2168 11100 Watching for file changes with StatReloader
